0
0
0
0
0
1
1
1
1
1
3
3
2
4
1
4
2
3
4
6
6
8
5
4
9
7
8
9
4
5
7
8
6
10
9
13
11
11
8
10
9
10
11
9
15
11
14
12
8
8
9
12
12
13
9
14
13
13
18
16
13
12
11
10
12
17
13
14
13
10
12
11
15
18
12
15
12
9
15
10
15
15
15
12
13
14
16
13
11
15
10
15
13
14
17
13
16
15
18
15
18
13
11
14
15
17
16
14
14
14
14
10
16
16
16
18
15
15
17
17
13
15
17
12
15
18
17
14
16
18
18
12
15
16
13
19
16
15
14
16
14
18
17
14
14
17
16
15
17
15
19
14
15
17
18
18
15
15
16
16
17
18
17
15
17
17
17
15
19
16
18
17
16
15
15
16
14
16
19
17
18
17
16
18
16
18
18
17
18
15
17
17
17
18
18
16
17
17
19
17
18
18
18
15
19
16
18
16
15
14
16
14
18
19
16
18
19
19
15
15
15
17
19
17
14
19
16
15
15
15
18
17
19
17
17
16
15
18
16
15
18
16
16
16
16
18
15
16
17
18
19
18
17
17
17
17
17
17
17
17
17
18
16
18
19
18
17
17
18
19
14
19
18
18
17
17
18
17
17
19
17
15
17
18
17
18
18
18
19
18
17
18
18
17
18
19
18
18
19
18
18
19
17
18
18
19
18
18
19
19
18
16
19
19
18
18
15
19
18
19
18
18
17
19
17
18
19
19
17
18
18
18
17
18
19
17
19
18
18
18
19
19
17
18
18
17
19
17
19
18
17
18
19
18
18
18
18
18
19
19
19
18
18
18
17
18
19
18
15
18
18
18
19
18
18
19
19
19
19
18
19
19
18
19
18
18
17
18
17
18
18
18
18
18
19
19
19
18
19
18
18
18
18
18
18
17
19
19
19
19
19
19
18
19
18
19
17
19
19
18
18
18
19
18
18
19
19
19
18
19
19
17
18
17
18
19
19
19
19
19
19
18
18
19
19
18
18
19
18
19
19
18
19
18
18
18
19
19
18
19
19
19
19
18
19
19
17
19
18
19
18
19
17
18
19
19
19
19
19
19
19
19
19
19
19
19
18
19
18
19
18
18
19
18
19
19
19
19
18
19
19
19
19
19
19
